[Wed Jun 19 12:13:59 2013] [info] Listening at "http://*:3000".
[Wed Jun 19 12:14:08 2013] [debug] Your secret passphrase needs to be changed!!!
[Wed Jun 19 12:14:08 2013] [debug] GET "/".
[Wed Jun 19 12:14:08 2013] [debug] Routing to controller "MyApp::Controller::Home" and action "index".
[Wed Jun 19 12:14:08 2013] [debug] Rendering template "home/index.html.ep".
[Wed Jun 19 12:14:08 2013] [debug] Rendering template "layouts/default.html.ep".
[Wed Jun 19 12:14:08 2013] [debug] 200 OK (0.018643s, 53.639/s).
[Tue Aug 20 17:02:30 2013] [info] Listening at "http://*:3000".
[Tue Aug 20 17:02:36 2013] [debug] Your secret passphrase needs to be changed!!!
[Tue Aug 20 17:02:36 2013] [debug] GET "/".
[Tue Aug 20 17:02:36 2013] [debug] Routing to controller "MyApp::Controller::Home" and action "index".
[Tue Aug 20 17:02:36 2013] [debug] Rendering template "home/index.html.ep".
[Tue Aug 20 17:02:36 2013] [debug] Rendering template "layouts/default.html.ep".
[Tue Aug 20 17:02:36 2013] [debug] 200 OK (0.052653s, 18.992/s).
[Wed Oct 16 23:43:13 2013] [info] Listening at "http://*:3000".
[Wed Oct 16 23:43:23 2013] [debug] Your secret passphrase needs to be changed!!!
[Wed Oct 16 23:43:23 2013] [debug] GET "/".
[Wed Oct 16 23:43:23 2013] [debug] Routing to controller "MyApp::Controller::Home" and action "index".
[Wed Oct 16 23:43:23 2013] [debug] Rendering template "home/index.html.ep".
[Wed Oct 16 23:43:23 2013] [debug] Rendering template "layouts/default.html.ep".
[Wed Oct 16 23:43:23 2013] [debug] 200 OK (0.131663s, 7.595/s).
[Sun May 25 16:49:01 2014] [info] Listening at "http://*:3000".
[Sun May 25 16:49:01 2014] [info] Manager 14489 started.
[Sun May 25 16:49:01 2014] [debug] Worker 14490 started.
[Sun May 25 16:49:01 2014] [debug] Worker 14491 started.
[Sun May 25 16:49:01 2014] [info] Creating process id file "/tmp/prefork.pid".
[Sun May 25 16:49:01 2014] [debug] Worker 14492 started.
[Sun May 25 16:49:01 2014] [debug] Worker 14493 started.
[Sun May 25 16:53:20 2014] [info] Listening at "http://*:3000".
[Sun May 25 16:53:20 2014] [info] Manager 14529 started.
[Sun May 25 16:53:20 2014] [debug] Worker 14530 started.
[Sun May 25 16:53:20 2014] [debug] Worker 14531 started.
[Sun May 25 16:53:20 2014] [debug] Worker 14532 started.
[Sun May 25 16:53:20 2014] [info] Creating process id file "/tmp/prefork.pid".
[Sun May 25 16:53:20 2014] [debug] Worker 14533 started.
[Sun May 25 16:53:25 2014] [debug] Stopping worker 14532.
[Sun May 25 16:53:25 2014] [debug] Stopping worker 14530.
[Sun May 25 16:53:25 2014] [debug] Stopping worker 14531.
[Sun May 25 16:53:25 2014] [debug] Stopping worker 14533.
[Sun May 25 16:53:25 2014] [debug] Worker 14531 stopped.
[Sun May 25 16:53:25 2014] [debug] Worker 14530 stopped.
[Sun May 25 16:53:25 2014] [debug] Stopping worker 14532.
[Sun May 25 16:53:25 2014] [debug] Stopping worker 14533.
[Sun May 25 16:53:25 2014] [debug] Worker 14533 stopped.
[Sun May 25 16:53:25 2014] [debug] Stopping worker 14532.
[Sun May 25 16:53:25 2014] [debug] Worker 14532 stopped.
